<?xml version="1.0" encoding="UTF-8"?>
<!-- Generated by org.testng.reporters.JUnitReportReporter -->
<testsuite hostname="DESKTOP-DK4JNSP" failures="0" tests="1" name="com.giko.AppiumTest" time="0.016" errors="0" timestamp="2022-08-12T07:26:49 EDT" skipped="0">
  <testcase classname="com.giko.AppiumTest" name="twitter" time="0.016"/>
  <system-out/>
</testsuite> <!-- com.giko.AppiumTest -->
