<?xml version="1.0" encoding="UTF-8"?>
<!-- Generated by org.testng.reporters.JUnitReportReporter -->
<testsuite hostname="DESKTOP-DK4JNSP" failures="0" tests="1" name="com.giko.SeleniumTest" time="0.017" errors="0" timestamp="2022-08-12T07:26:01 EDT" skipped="0">
  <testcase classname="com.giko.SeleniumTest" name="twitterandwatsapp" time="0.017"/>
  <system-out/>
</testsuite> <!-- com.giko.SeleniumTest -->
