<?xml version="1.0" encoding="UTF-8"?>
<!-- Generated by org.testng.reporters.JUnitReportReporter -->
<testsuite hostname="DESKTOP-DK4JNSP" failures="0" tests="1" name="com.giko.AppTest" time="0.025" errors="0" timestamp="2022-07-23T08:02:06 EDT" skipped="0">
  <testcase classname="com.giko.AppTest" name="testlogin1" time="0.025"/>
  <system-out/>
</testsuite> <!-- com.giko.AppTest -->
