<?xml version="1.0" encoding="UTF-8"?>
<!-- Generated by org.testng.reporters.JUnitReportReporter -->
<testsuite hostname="DESKTOP-DK4JNSP" failures="0" tests="3" name="Test.Day4" time="0.017" errors="0" timestamp="2022-08-10T21:40:32 EDT" skipped="0">
  <testcase classname="Test.Day4" name="apiloginHome" time="0.004"/>
  <system-out/>
  <testcase classname="Test.Day4" name="mobileloginHome" time="0.004"/>
  <system-out/>
  <testcase classname="Test.Day4" name="webloginHome" time="0.009"/>
  <system-out/>
</testsuite> <!-- Test.Day4 -->
