<?xml version="1.0" encoding="UTF-8"?>
<!-- Generated by org.testng.reporters.JUnitReportReporter -->
<testsuite hostname="DESKTOP-DK4JNSP" failures="0" tests="1" name="Test.Day1" time="0.005" errors="0" timestamp="2022-08-10T21:40:32 EDT" skipped="0">
  <testcase classname="Test.Day1" name="demo" time="0.005"/>
  <system-out/>
</testsuite> <!-- Test.Day1 -->
