<?xml version="1.0" encoding="UTF-8"?>
<!-- Generated by org.testng.reporters.JUnitReportReporter -->
<testsuite hostname="DESKTOP-DK4JNSP" failures="0" tests="1" name="TestCase.Amazonreturn" time="7.911" errors="0" timestamp="2022-08-15T06:20:25 EDT" skipped="0">
  <testcase classname="TestCase.Amazonreturn" name="returni" time="7.911"/>
  <system-out/>
</testsuite> <!-- TestCase.Amazonreturn -->
