<?xml version="1.0" encoding="UTF-8"?>
<!-- Generated by org.testng.reporters.JUnitReportReporter -->
<testsuite hostname="DESKTOP-DK4JNSP" failures="0" tests="1" name="TestCase.LoginApplication" time="10.128" errors="0" timestamp="2022-08-14T09:05:21 EDT" skipped="0">
  <testcase classname="TestCase.LoginApplication" name="login" time="10.128"/>
  <system-out/>
</testsuite> <!-- TestCase.LoginApplication -->
