<?xml version="1.0" encoding="UTF-8"?>
<!-- Generated by org.testng.reporters.JUnitReportReporter -->
<testsuite hostname="DESKTOP-DK4JNSP" failures="0" tests="1" name="TestCase.AmazonLogin" time="6.714" errors="0" timestamp="2022-08-14T08:18:47 EDT" skipped="0">
  <testcase classname="TestCase.AmazonLogin" name="login" time="6.714"/>
  <system-out/>
</testsuite> <!-- TestCase.AmazonLogin -->
