<?xml version="1.0" encoding="UTF-8"?>
<!-- Generated by org.testng.reporters.JUnitReportReporter -->
<testsuite hostname="DESKTOP-DK4JNSP" failures="0" tests="1" name="TestCase.FacebookLofin" time="3.968" errors="0" timestamp="2022-08-14T08:31:57 EDT" skipped="0">
  <testcase classname="TestCase.FacebookLofin" name="facebookLogin" time="3.968"/>
  <system-out/>
</testsuite> <!-- TestCase.FacebookLofin -->
