<?xml version="1.0" encoding="UTF-8"?>
<!-- Generated by org.testng.reporters.JUnitReportReporter -->
<testsuite hostname="DESKTOP-DK4JNSP" failures="0" tests="1" name="com.giko.AppTest" time="0.024" errors="0" timestamp="2022-07-15T06:30:07 EDT" skipped="0">
  <testcase classname="com.giko.AppTest" name="testlogin1" time="0.024"/>
  <system-out/>
</testsuite> <!-- com.giko.AppTest -->
