<?xml version="1.0" encoding="UTF-8"?>
<!-- Generated by org.testng.reporters.JUnitReportReporter -->
<testsuite hostname="DESKTOP-DK4JNSP" failures="0" tests="2" name="Academy.EndToEnd.BaseHome" time="12.129" errors="0" timestamp="2022-08-16T17:52:51 EDT" skipped="0">
  <testcase classname="Academy.EndToEnd.BaseHome" name="login" time="8.435"/>
  <system-out/>
  <testcase classname="Academy.EndToEnd.BaseHome" name="login" time="3.694"/>
  <system-out/>
</testsuite> <!-- Academy.EndToEnd.BaseHome -->
