<?xml version="1.0" encoding="UTF-8"?>
<!-- Generated by org.testng.reporters.JUnitReportReporter -->
<testsuite hostname="DESKTOP-DK4JNSP" failures="0" tests="1" name="Academy.EndToEnd.Display" time="0.195" errors="0" timestamp="2022-08-16T17:52:51 EDT" skipped="0">
  <testcase classname="Academy.EndToEnd.Display" name="displaycontract" time="0.195"/>
  <system-out/>
</testsuite> <!-- Academy.EndToEnd.Display -->
