<?xml version="1.0" encoding="UTF-8"?>
<!-- Generated by org.testng.reporters.JUnitReportReporter -->
<testsuite hostname="DESKTOP-DK4JNSP" failures="0" tests="2" name="Academy.EndToEnd.BaseHome" time="9.399" errors="0" timestamp="2022-08-17T21:35:08 EDT" skipped="0">
  <testcase classname="Academy.EndToEnd.BaseHome" name="login" time="2.062"/>
  <system-out/>
  <testcase classname="Academy.EndToEnd.BaseHome" name="login" time="7.337"/>
  <system-out/>
</testsuite> <!-- Academy.EndToEnd.BaseHome -->
