<?xml version="1.0" encoding="UTF-8"?>
<!-- Generated by org.testng.reporters.JUnitReportReporter -->
<testsuite hostname="DESKTOP-DK4JNSP" failures="0" tests="1" name="Academy.EndToEnd.Display" time="0.098" errors="0" timestamp="2022-08-17T21:35:08 EDT" skipped="0">
  <testcase classname="Academy.EndToEnd.Display" name="displaycontract" time="0.098"/>
  <system-out/>
</testsuite> <!-- Academy.EndToEnd.Display -->
